=== BarkSeeker: US Groomer Fetch (state-by-state bbox) ===

  1/50 Alabama (AL)...     Failed (Request failed with status code 504), retrying in 60s...
17 raw, +17 new (running total 17)
  2/50 Alaska (AK)...     Failed (Request failed with status code 429), retrying in 60s...
    Failed (Request failed with status code 504), retrying in 60s...
    Gave up: Request failed with status code 504
0 raw, +0 new (running total 17)
  3/50 Arizona (AZ)...     Failed (Request failed with status code 504), retrying in 60s...
    Failed (Request failed with status code 429), retrying in 60s...
    Gave up: Request failed with status code 504
0 raw, +0 new (running total 17)
  4/50 Arkansas (AR)...     Failed (Request failed with status code 504), retrying in 60s...
    Failed (Request failed with status code 504), retrying in 60s...
18 raw, +18 new (running total 35)
  5/50 California (CA)...     Failed (Request failed with status code 504), retrying in 60s...
    Failed (Request failed with status code 504), retrying in 60s...
    Gave up: Request failed with status code 504
0 raw, +0 new (running total 35)
  6/50 Colorado (CO)... 86 raw, +86 new (running total 121)
  7/50 Connecticut (CT)...     Failed (Request failed with status code 504), retrying in 60s...
    Failed (Request failed with status code 429), retrying in 60s...
    Gave up: Request failed with status code 504
0 raw, +0 new (running total 121)
  8/50 Delaware (DE)...     Failed (Request failed with status code 504), retrying in 60s...
    Failed (Request failed with status code 504), retrying in 60s...
    Gave up: Request failed with status code 429
0 raw, +0 new (running total 121)
  9/50 Florida (FL)...     Failed (Request failed with status code 429), retrying in 60s...
    Failed (Request failed with status code 504), retrying in 60s...
    Gave up: Request failed with status code 504
0 raw, +0 new (running total 121)
  10/50 Georgia (GA)... 100 raw, +97 new (running total 218)
  11/50 Hawaii (HI)...     Failed (Request failed with status code 429), retrying in 60s...
4 raw, +4 new (running total 222)
  12/50 Idaho (ID)... 62 raw, +62 new (running total 284)
  13/50 Illinois (IL)...     Failed (Request failed with status code 429), retrying in 60s...
    Failed (Request failed with status code 504), retrying in 60s...
    Gave up: Request failed with status code 504
0 raw, +0 new (running total 284)
  14/50 Indiana (IN)...     Failed (Request failed with status code 504), retrying in 60s...
    Failed (Request failed with status code 504), retrying in 60s...
61 raw, +61 new (running total 345)
  15/50 Iowa (IA)...     Failed (Request failed with status code 504), retrying in 60s...
28 raw, +28 new (running total 373)
  16/50 Kansas (KS)...     Failed (Request failed with status code 504), retrying in 60s...
    Failed (Request failed with status code 504), retrying in 60s...
    Gave up: Request failed with status code 504
0 raw, +0 new (running total 373)
  17/50 Kentucky (KY)...     Failed (Request failed with status code 504), retrying in 60s...
    Failed (Request failed with status code 504), retrying in 60s...
    Gave up: Request failed with status code 504
0 raw, +0 new (running total 373)
  18/50 Louisiana (LA)... 19 raw, +19 new (running total 392)
  19/50 Maine (ME)...     Failed (Request failed with status code 504), retrying in 60s...
17 raw, +17 new (running total 409)
  20/50 Maryland (MD)...     Failed (Request failed with status code 504), retrying in 60s...
    Failed (Request failed with status code 504), retrying in 60s...
102 raw, +102 new (running total 511)
  21/50 Massachusetts (MA)...     Failed (Request failed with status code 504), retrying in 60s...
    Failed (Request failed with status code 504), retrying in 60s...
    Gave up: Request failed with status code 504
0 raw, +0 new (running total 511)
  22/50 Michigan (MI)...     Failed (Request failed with status code 504), retrying in 60s...
178 raw, +170 new (running total 681)
  23/50 Minnesota (MN)...     Failed (Request failed with status code 429), retrying in 60s...
52 raw, +51 new (running total 732)
  24/50 Mississippi (MS)...     Failed (Request failed with status code 429), retrying in 60s...
    Failed (Request failed with status code 504), retrying in 60s...
    Gave up: Request failed with status code 504
0 raw, +0 new (running total 732)
  25/50 Missouri (MO)... 78 raw, +72 new (running total 804)
  26/50 Montana (MT)...     Failed (Request failed with status code 429), retrying in 60s...
    Failed (Request failed with status code 504), retrying in 60s...
    Gave up: Request failed with status code 429
0 raw, +0 new (running total 804)
  27/50 Nebraska (NE)...     Failed (Request failed with status code 429), retrying in 60s...
    Failed (Request failed with status code 504), retrying in 60s...
    Gave up: Request failed with status code 504
0 raw, +0 new (running total 804)
  28/50 Nevada (NV)...     Failed (Request failed with status code 504), retrying in 60s...
    Failed (Request failed with status code 504), retrying in 60s...
    Gave up: Request failed with status code 429
0 raw, +0 new (running total 804)
  29/50 New Hampshire (NH)...     Failed (Request failed with status code 429), retrying in 60s...
8 raw, +8 new (running total 812)
  30/50 New Jersey (NJ)...     Failed (Request failed with status code 429), retrying in 60s...
    Failed (Request failed with status code 504), retrying in 60s...
203 raw, +201 new (running total 1013)
  31/50 New Mexico (NM)...     Failed (Request failed with status code 429), retrying in 60s...
    Failed (Request failed with status code 504), retrying in 60s...
    Gave up: Request failed with status code 504
0 raw, +0 new (running total 1013)
  32/50 New York (NY)...     Failed (Request failed with status code 504), retrying in 60s...
403 raw, +235 new (running total 1248)
  33/50 North Carolina (NC)...     Failed (Request failed with status code 429), retrying in 60s...
140 raw, +96 new (running total 1344)
  34/50 North Dakota (ND)...     Failed (Request failed with status code 429), retrying in 60s...
6 raw, +2 new (running total 1346)
  35/50 Ohio (OH)...     Failed (Request failed with status code 429), retrying in 60s...
140 raw, +116 new (running total 1462)
  36/50 Oklahoma (OK)... 50 raw, +41 new (running total 1503)
  37/50 Oregon (OR)...     Failed (Request failed with status code 429), retrying in 60s...
83 raw, +73 new (running total 1576)
  38/50 Pennsylvania (PA)... 120 raw, +50 new (running total 1626)
  39/50 Rhode Island (RI)...     Failed (Request failed with status code 429), retrying in 60s...
12 raw, +12 new (running total 1638)
  40/50 South Carolina (SC)...     Failed (Request failed with status code 429), retrying in 60s...
61 raw, +11 new (running total 1649)
  41/50 South Dakota (SD)...     Failed (Request failed with status code 429), retrying in 60s...
6 raw, +3 new (running total 1652)
  42/50 Tennessee (TN)...     Failed (Request failed with status code 504), retrying in 60s...
    Failed (Request failed with status code 504), retrying in 60s...
    Gave up: Request failed with status code 504
0 raw, +0 new (running total 1652)
  43/50 Texas (TX)...     Failed (Request failed with status code 504), retrying in 60s...
    Failed (Request failed with status code 504), retrying in 60s...
    Gave up: Request failed with status code 504
0 raw, +0 new (running total 1652)
  44/50 Utah (UT)...     Failed (Request failed with status code 504), retrying in 60s...
    Failed (Request failed with status code 504), retrying in 60s...
61 raw, +61 new (running total 1713)
  45/50 Vermont (VT)...     Failed (Request failed with status code 504), retrying in 60s...
    Failed (Request failed with status code 504), retrying in 60s...
    Gave up: Request failed with status code 504
0 raw, +0 new (running total 1713)
  46/50 Virginia (VA)...     Failed (Request failed with status code 504), retrying in 60s...
    Failed (Request failed with status code 504), retrying in 60s...
    Gave up: Request failed with status code 429
0 raw, +0 new (running total 1713)
  47/50 Washington (WA)...     Failed (Request failed with status code 429), retrying in 60s...
    Failed (Request failed with status code 504), retrying in 60s...
165 raw, +142 new (running total 1855)
  48/50 West Virginia (WV)...     Failed (Request failed with status code 429), retrying in 60s...
    Failed (Request failed with status code 504), retrying in 60s...
60 raw, +17 new (running total 1872)
  49/50 Wisconsin (WI)...     Failed (Request failed with status code 504), retrying in 60s...
52 raw, +0 new (running total 1872)
  50/50 Wyoming (WY)...     Failed (Request failed with status code 504), retrying in 60s...
3 raw, +3 new (running total 1875)

=== Final counts ===
  New York: 235
  New Jersey: 201
  Michigan: 170
  Washington: 142
  Ohio: 116
  Maryland: 102
  Georgia: 97
  North Carolina: 96
  Colorado: 86
  Oregon: 73
  Missouri: 72
  Idaho: 62
  Indiana: 61
  Utah: 61
  Minnesota: 51
  Pennsylvania: 50
  Oklahoma: 41
  Iowa: 28
  Louisiana: 19
  Arkansas: 18
  Alabama: 17
  Maine: 17
  West Virginia: 17
  Rhode Island: 12
  South Carolina: 11
  New Hampshire: 8
  Hawaii: 4
  South Dakota: 3
  Wyoming: 3
  North Dakota: 2

Total groomers: 1875
Wrote D:\barkseeker\src\data\groomers.json
