=== BarkSeeker: US Veterinarian Fetch (state-by-state bbox) ===

  1/50 Alabama (AL)...     Failed (Request failed with status code 504), retrying in 60s...
137 raw, +137 new (running total 137)
  2/50 Alaska (AK)...     Failed (Request failed with status code 429), retrying in 60s...
    Failed (Request failed with status code 504), retrying in 60s...
    Gave up: Request failed with status code 504
0 raw, +0 new (running total 137)
  3/50 Arizona (AZ)... 276 raw, +276 new (running total 413)
  4/50 Arkansas (AR)... 95 raw, +95 new (running total 508)
  5/50 California (CA)...     Failed (Request failed with status code 429), retrying in 60s...
    Failed (Request failed with status code 504), retrying in 60s...
    Gave up: Request failed with status code 504
0 raw, +0 new (running total 508)
  6/50 Colorado (CO)...     Failed (Request failed with status code 504), retrying in 60s...
    Failed (Request failed with status code 504), retrying in 60s...
    Gave up: Request failed with status code 504
0 raw, +0 new (running total 508)
  7/50 Connecticut (CT)... 108 raw, +108 new (running total 616)
  8/50 Delaware (DE)...     Failed (Request failed with status code 504), retrying in 60s...
    Failed (Request failed with status code 504), retrying in 60s...
    Gave up: Request failed with status code 504
0 raw, +0 new (running total 616)
  9/50 Florida (FL)... 400 raw, +387 new (running total 1003)
  10/50 Georgia (GA)... 407 raw, +338 new (running total 1341)
  11/50 Hawaii (HI)...     Failed (Request failed with status code 429), retrying in 60s...
    Failed (Request failed with status code 504), retrying in 60s...
    Gave up: Request failed with status code 504
0 raw, +0 new (running total 1341)
  12/50 Idaho (ID)... 144 raw, +144 new (running total 1485)
  13/50 Illinois (IL)... 405 raw, +405 new (running total 1890)
  14/50 Indiana (IN)...     Failed (Request failed with status code 429), retrying in 60s...
221 raw, +170 new (running total 2060)
  15/50 Iowa (IA)...     Failed (Request failed with status code 504), retrying in 60s...
147 raw, +123 new (running total 2183)
  16/50 Kansas (KS)...     Failed (Request failed with status code 504), retrying in 60s...
    Failed (Request failed with status code 504), retrying in 60s...
    Gave up: Request failed with status code 429
0 raw, +0 new (running total 2183)
  17/50 Kentucky (KY)... 175 raw, +102 new (running total 2285)
  18/50 Louisiana (LA)...     Failed (Request failed with status code 504), retrying in 60s...
    Failed (Request failed with status code 504), retrying in 60s...
84 raw, +84 new (running total 2369)
  19/50 Maine (ME)...     Failed (Request failed with status code 504), retrying in 60s...
    Failed (Request failed with status code 504), retrying in 60s...
    Gave up: Request failed with status code 504
0 raw, +0 new (running total 2369)
  20/50 Maryland (MD)...     Failed (Request failed with status code 504), retrying in 60s...
    Failed (Request failed with status code 504), retrying in 60s...
    Gave up: Request failed with status code 504
0 raw, +0 new (running total 2369)
  21/50 Massachusetts (MA)...     Failed (Request failed with status code 504), retrying in 60s...
    Failed (Request failed with status code 504), retrying in 60s...
    Gave up: Request failed with status code 504
0 raw, +0 new (running total 2369)
  22/50 Michigan (MI)...     Failed (Request failed with status code 504), retrying in 60s...
    Failed (Request failed with status code 504), retrying in 60s...
694 raw, +507 new (running total 2876)
  23/50 Minnesota (MN)...     Failed (Request failed with status code 504), retrying in 60s...
    Failed (Request failed with status code 504), retrying in 60s...
283 raw, +258 new (running total 3134)
  24/50 Mississippi (MS)...     Failed (Request failed with status code 504), retrying in 60s...
    Failed (Request failed with status code 504), retrying in 60s...
64 raw, +12 new (running total 3146)
  25/50 Missouri (MO)...     Failed (Request failed with status code 504), retrying in 60s...
310 raw, +186 new (running total 3332)
  26/50 Montana (MT)...     Failed (Request failed with status code 429), retrying in 60s...
88 raw, +25 new (running total 3357)
  27/50 Nebraska (NE)...     Failed (Request failed with status code 504), retrying in 60s...
73 raw, +44 new (running total 3401)
  28/50 Nevada (NV)...     Failed (Request failed with status code 504), retrying in 60s...
92 raw, +90 new (running total 3491)
  29/50 New Hampshire (NH)...     Failed (Request failed with status code 504), retrying in 60s...
83 raw, +83 new (running total 3574)
  30/50 New Jersey (NJ)... 452 raw, +452 new (running total 4026)
  31/50 New Mexico (NM)...     Failed (Request failed with status code 429), retrying in 60s...
    Failed (Request failed with status code 504), retrying in 60s...
    Gave up: Request failed with status code 504
0 raw, +0 new (running total 4026)
  32/50 New York (NY)... 1222 raw, +796 new (running total 4822)
  33/50 North Carolina (NC)...     Failed (Request failed with status code 504), retrying in 60s...
622 raw, +432 new (running total 5254)
  34/50 North Dakota (ND)... 19 raw, +13 new (running total 5267)
  35/50 Ohio (OH)...     Failed (Request failed with status code 429), retrying in 60s...
390 raw, +290 new (running total 5557)
  36/50 Oklahoma (OK)...     Failed (Request failed with status code 429), retrying in 60s...
    Failed (Request failed with status code 504), retrying in 60s...
148 raw, +137 new (running total 5694)
  37/50 Oregon (OR)...     Failed (Request failed with status code 429), retrying in 60s...
    Failed (Request failed with status code 504), retrying in 60s...
345 raw, +334 new (running total 6028)
  38/50 Pennsylvania (PA)...     Failed (Request failed with status code 504), retrying in 60s...
480 raw, +203 new (running total 6231)
  39/50 Rhode Island (RI)...     Failed (Request failed with status code 429), retrying in 60s...
26 raw, +24 new (running total 6255)
  40/50 South Carolina (SC)...     Failed (Request failed with status code 429), retrying in 60s...
229 raw, +43 new (running total 6298)
  41/50 South Dakota (SD)...     Failed (Request failed with status code 429), retrying in 60s...
    Failed (Request failed with status code 504), retrying in 60s...
    Gave up: Request failed with status code 429
0 raw, +0 new (running total 6298)
  42/50 Tennessee (TN)...     Failed (Request failed with status code 504), retrying in 60s...
    Failed (Request failed with status code 429), retrying in 60s...
    Gave up: Request failed with status code 429
0 raw, +0 new (running total 6298)
  43/50 Texas (TX)...     Failed (Request failed with status code 429), retrying in 60s...
1036 raw, +856 new (running total 7154)
  44/50 Utah (UT)...     Failed (Request failed with status code 429), retrying in 60s...
    Failed (Request failed with status code 504), retrying in 60s...
    Gave up: Request failed with status code 504
0 raw, +0 new (running total 7154)
  45/50 Vermont (VT)...     Failed (Request failed with status code 504), retrying in 60s...
58 raw, +0 new (running total 7154)
  46/50 Virginia (VA)... 653 raw, +599 new (running total 7753)
  47/50 Washington (WA)...     Failed (Request failed with status code 429), retrying in 60s...
    Failed (Request failed with status code 504), retrying in 60s...
    Gave up: Request failed with status code 504
0 raw, +0 new (running total 7753)
  48/50 West Virginia (WV)...     Failed (Request failed with status code 504), retrying in 60s...
180 raw, +6 new (running total 7759)
  49/50 Wisconsin (WI)...     Failed (Request failed with status code 504), retrying in 60s...
302 raw, +0 new (running total 7759)
  50/50 Wyoming (WY)...     Failed (Request failed with status code 504), retrying in 60s...
    Failed (Request failed with status code 504), retrying in 60s...
24 raw, +21 new (running total 7780)

=== Final counts ===
  Texas: 856
  New York: 796
  Virginia: 599
  Michigan: 507
  New Jersey: 452
  North Carolina: 432
  Illinois: 405
  Florida: 387
  Georgia: 338
  Oregon: 334
  Ohio: 290
  Arizona: 276
  Minnesota: 258
  Pennsylvania: 203
  Missouri: 186
  Indiana: 170
  Idaho: 144
  Alabama: 137
  Oklahoma: 137
  Iowa: 123
  Connecticut: 108
  Kentucky: 102
  Arkansas: 95
  Nevada: 90
  Louisiana: 84
  New Hampshire: 83
  Nebraska: 44
  South Carolina: 43
  Montana: 25
  Rhode Island: 24
  Wyoming: 21
  North Dakota: 13
  Mississippi: 12
  West Virginia: 6

Total vets: 7780
Wrote D:\barkseeker\src\data\vets.json
